[2023-10-19 16:31:55] production.ERROR: SQLSTATE[HY000] [1045] Access denied for user ''@'localhost' (using password: YES) (SQL: select * from `sections`) {"exception":"[object] (Illuminate\\Database\\QueryException(code: 1045): SQLSTATE[HY000] [1045] Access denied for user ''@'localhost' (using password: YES) (SQL: select * from `sections`) at /home/quanph/Downloads/rocket-lms-1.8/Source/Source/vendor/laravel/framework/src/Illuminate/Database/Connection.php:760)
[stacktrace]
#0 /home/quanph/Downloads/rocket-lms-1.8/Source/Source/vendor/laravel/framework/src/Illuminate/Database/Connection.php(720): Illuminate\\Database\\Connection->runQueryCallback()
#1 /home/quanph/Downloads/rocket-lms-1.8/Source/Source/vendor/laravel/framework/src/Illuminate/Database/Connection.php(422): Illuminate\\Database\\Connection->run()
#2 /home/quanph/Downloads/rocket-lms-1.8/Source/Source/vendor/laravel/framework/src/Illuminate/Database/Query/Builder.php(2706): Illuminate\\Database\\Connection->select()
#3 /home/quanph/Downloads/rocket-lms-1.8/Source/Source/vendor/laravel/framework/src/Illuminate/Database/Query/Builder.php(2694): Illuminate\\Database\\Query\\Builder->runSelect()
#4 /home/quanph/Downloads/rocket-lms-1.8/Source/Source/vendor/laravel/framework/src/Illuminate/Database/Query/Builder.php(3230): Illuminate\\Database\\Query\\Builder->Illuminate\\Database\\Query\\{closure}()
#5 /home/quanph/Downloads/rocket-lms-1.8/Source/Source/vendor/laravel/framework/src/Illuminate/Database/Query/Builder.php(2695): Illuminate\\Database\\Query\\Builder->onceWithColumns()
#6 /home/quanph/Downloads/rocket-lms-1.8/Source/Source/vendor/laravel/framework/src/Illuminate/Database/Eloquent/Builder.php(710): Illuminate\\Database\\Query\\Builder->get()
#7 /home/quanph/Downloads/rocket-lms-1.8/Source/Source/vendor/laravel/framework/src/Illuminate/Database/Eloquent/Builder.php(694): Illuminate\\Database\\Eloquent\\Builder->getModels()
#8 /home/quanph/Downloads/rocket-lms-1.8/Source/Source/vendor/laravel/framework/src/Illuminate/Database/Eloquent/Model.php(674): Illuminate\\Database\\Eloquent\\Builder->get()
#9 /home/quanph/Downloads/rocket-lms-1.8/Source/Source/app/Providers/AuthServiceProvider.php(42): Illuminate\\Database\\Eloquent\\Model::all()
#10 /home/quanph/Downloads/rocket-lms-1.8/Source/Source/vendor/laravel/framework/src/Illuminate/Cache/Repository.php(397): App\\Providers\\AuthServiceProvider->App\\Providers\\{closure}()
#11 /home/quanph/Downloads/rocket-lms-1.8/Source/Source/vendor/laravel/framework/src/Illuminate/Cache/CacheManager.php(408): Illuminate\\Cache\\Repository->remember()
#12 /home/quanph/Downloads/rocket-lms-1.8/Source/Source/vendor/laravel/framework/src/Illuminate/Support/Facades/Facade.php(338): Illuminate\\Cache\\CacheManager->__call()
#13 /home/quanph/Downloads/rocket-lms-1.8/Source/Source/app/Providers/AuthServiceProvider.php(43): Illuminate\\Support\\Facades\\Facade::__callStatic()
#14 /home/quanph/Downloads/rocket-lms-1.8/Source/Source/vendor/laravel/framework/src/Illuminate/Container/BoundMethod.php(36): App\\Providers\\AuthServiceProvider->boot()
#15 /home/quanph/Downloads/rocket-lms-1.8/Source/Source/vendor/laravel/framework/src/Illuminate/Container/Util.php(41): Illuminate\\Container\\BoundMethod::Illuminate\\Container\\{closure}()
#16 /home/quanph/Downloads/rocket-lms-1.8/Source/Source/vendor/laravel/framework/src/Illuminate/Container/BoundMethod.php(93): Illuminate\\Container\\Util::unwrapIfClosure()
#17 /home/quanph/Downloads/rocket-lms-1.8/Source/Source/vendor/laravel/framework/src/Illuminate/Container/BoundMethod.php(37): Illuminate\\Container\\BoundMethod::callBoundMethod()
#18 /home/quanph/Downloads/rocket-lms-1.8/Source/Source/vendor/laravel/framework/src/Illuminate/Container/Container.php(661): Illuminate\\Container\\BoundMethod::call()
#19 /home/quanph/Downloads/rocket-lms-1.8/Source/Source/vendor/laravel/framework/src/Illuminate/Foundation/Application.php(929): Illuminate\\Container\\Container->call()
#20 /home/quanph/Downloads/rocket-lms-1.8/Source/Source/vendor/laravel/framework/src/Illuminate/Foundation/Application.php(910): Illuminate\\Foundation\\Application->bootProvider()
#21 [internal function]: Illuminate\\Foundation\\Application->Illuminate\\Foundation\\{closure}()
#22 /home/quanph/Downloads/rocket-lms-1.8/Source/Source/vendor/laravel/framework/src/Illuminate/Foundation/Application.php(911): array_walk()
#23 /home/quanph/Downloads/rocket-lms-1.8/Source/Source/vendor/laravel/framework/src/Illuminate/Foundation/Bootstrap/BootProviders.php(17): Illuminate\\Foundation\\Application->boot()
#24 /home/quanph/Downloads/rocket-lms-1.8/Source/Source/vendor/laravel/framework/src/Illuminate/Foundation/Application.php(242): Illuminate\\Foundation\\Bootstrap\\BootProviders->bootstrap()
#25 /home/quanph/Downloads/rocket-lms-1.8/Source/Source/vendor/laravel/framework/src/Illuminate/Foundation/Console/Kernel.php(383): Illuminate\\Foundation\\Application->bootstrapWith()
#26 /home/quanph/Downloads/rocket-lms-1.8/Source/Source/vendor/laravel/framework/src/Illuminate/Foundation/Console/Kernel.php(153): Illuminate\\Foundation\\Console\\Kernel->bootstrap()
#27 /home/quanph/Downloads/rocket-lms-1.8/Source/Source/artisan(37): Illuminate\\Foundation\\Console\\Kernel->handle()
#28 {main}

[previous exception] [object] (PDOException(code: 1045): SQLSTATE[HY000] [1045] Access denied for user ''@'localhost' (using password: YES) at /home/quanph/Downloads/rocket-lms-1.8/Source/Source/vendor/laravel/framework/src/Illuminate/Database/Connectors/Connector.php:70)
[stacktrace]
#0 /home/quanph/Downloads/rocket-lms-1.8/Source/Source/vendor/laravel/framework/src/Illuminate/Database/Connectors/Connector.php(70): PDO->__construct()
#1 /home/quanph/Downloads/rocket-lms-1.8/Source/Source/vendor/laravel/framework/src/Illuminate/Database/Connectors/Connector.php(46): Illuminate\\Database\\Connectors\\Connector->createPdoConnection()
#2 /home/quanph/Downloads/rocket-lms-1.8/Source/Source/vendor/laravel/framework/src/Illuminate/Database/Connectors/MySqlConnector.php(24): Illuminate\\Database\\Connectors\\Connector->createConnection()
#3 /home/quanph/Downloads/rocket-lms-1.8/Source/Source/vendor/laravel/framework/src/Illuminate/Database/Connectors/ConnectionFactory.php(184): Illuminate\\Database\\Connectors\\MySqlConnector->connect()
#4 [internal function]: Illuminate\\Database\\Connectors\\ConnectionFactory->Illuminate\\Database\\Connectors\\{closure}()
#5 /home/quanph/Downloads/rocket-lms-1.8/Source/Source/vendor/laravel/framework/src/Illuminate/Database/Connection.php(1181): call_user_func()
#6 /home/quanph/Downloads/rocket-lms-1.8/Source/Source/vendor/laravel/framework/src/Illuminate/Database/Connection.php(1217): Illuminate\\Database\\Connection->getPdo()
#7 /home/quanph/Downloads/rocket-lms-1.8/Source/Source/vendor/laravel/framework/src/Illuminate/Database/Connection.php(486): Illuminate\\Database\\Connection->getReadPdo()
#8 /home/quanph/Downloads/rocket-lms-1.8/Source/Source/vendor/laravel/framework/src/Illuminate/Database/Connection.php(414): Illuminate\\Database\\Connection->getPdoForSelect()
#9 /home/quanph/Downloads/rocket-lms-1.8/Source/Source/vendor/laravel/framework/src/Illuminate/Database/Connection.php(753): Illuminate\\Database\\Connection->Illuminate\\Database\\{closure}()
#10 /home/quanph/Downloads/rocket-lms-1.8/Source/Source/vendor/laravel/framework/src/Illuminate/Database/Connection.php(720): Illuminate\\Database\\Connection->runQueryCallback()
#11 /home/quanph/Downloads/rocket-lms-1.8/Source/Source/vendor/laravel/framework/src/Illuminate/Database/Connection.php(422): Illuminate\\Database\\Connection->run()
#12 /home/quanph/Downloads/rocket-lms-1.8/Source/Source/vendor/laravel/framework/src/Illuminate/Database/Query/Builder.php(2706): Illuminate\\Database\\Connection->select()
#13 /home/quanph/Downloads/rocket-lms-1.8/Source/Source/vendor/laravel/framework/src/Illuminate/Database/Query/Builder.php(2694): Illuminate\\Database\\Query\\Builder->runSelect()
#14 /home/quanph/Downloads/rocket-lms-1.8/Source/Source/vendor/laravel/framework/src/Illuminate/Database/Query/Builder.php(3230): Illuminate\\Database\\Query\\Builder->Illuminate\\Database\\Query\\{closure}()
#15 /home/quanph/Downloads/rocket-lms-1.8/Source/Source/vendor/laravel/framework/src/Illuminate/Database/Query/Builder.php(2695): Illuminate\\Database\\Query\\Builder->onceWithColumns()
#16 /home/quanph/Downloads/rocket-lms-1.8/Source/Source/vendor/laravel/framework/src/Illuminate/Database/Eloquent/Builder.php(710): Illuminate\\Database\\Query\\Builder->get()
#17 /home/quanph/Downloads/rocket-lms-1.8/Source/Source/vendor/laravel/framework/src/Illuminate/Database/Eloquent/Builder.php(694): Illuminate\\Database\\Eloquent\\Builder->getModels()
#18 /home/quanph/Downloads/rocket-lms-1.8/Source/Source/vendor/laravel/framework/src/Illuminate/Database/Eloquent/Model.php(674): Illuminate\\Database\\Eloquent\\Builder->get()
#19 /home/quanph/Downloads/rocket-lms-1.8/Source/Source/app/Providers/AuthServiceProvider.php(42): Illuminate\\Database\\Eloquent\\Model::all()
#20 /home/quanph/Downloads/rocket-lms-1.8/Source/Source/vendor/laravel/framework/src/Illuminate/Cache/Repository.php(397): App\\Providers\\AuthServiceProvider->App\\Providers\\{closure}()
#21 /home/quanph/Downloads/rocket-lms-1.8/Source/Source/vendor/laravel/framework/src/Illuminate/Cache/CacheManager.php(408): Illuminate\\Cache\\Repository->remember()
#22 /home/quanph/Downloads/rocket-lms-1.8/Source/Source/vendor/laravel/framework/src/Illuminate/Support/Facades/Facade.php(338): Illuminate\\Cache\\CacheManager->__call()
#23 /home/quanph/Downloads/rocket-lms-1.8/Source/Source/app/Providers/AuthServiceProvider.php(43): Illuminate\\Support\\Facades\\Facade::__callStatic()
#24 /home/quanph/Downloads/rocket-lms-1.8/Source/Source/vendor/laravel/framework/src/Illuminate/Container/BoundMethod.php(36): App\\Providers\\AuthServiceProvider->boot()
#25 /home/quanph/Downloads/rocket-lms-1.8/Source/Source/vendor/laravel/framework/src/Illuminate/Container/Util.php(41): Illuminate\\Container\\BoundMethod::Illuminate\\Container\\{closure}()
#26 /home/quanph/Downloads/rocket-lms-1.8/Source/Source/vendor/laravel/framework/src/Illuminate/Container/BoundMethod.php(93): Illuminate\\Container\\Util::unwrapIfClosure()
#27 /home/quanph/Downloads/rocket-lms-1.8/Source/Source/vendor/laravel/framework/src/Illuminate/Container/BoundMethod.php(37): Illuminate\\Container\\BoundMethod::callBoundMethod()
#28 /home/quanph/Downloads/rocket-lms-1.8/Source/Source/vendor/laravel/framework/src/Illuminate/Container/Container.php(661): Illuminate\\Container\\BoundMethod::call()
#29 /home/quanph/Downloads/rocket-lms-1.8/Source/Source/vendor/laravel/framework/src/Illuminate/Foundation/Application.php(929): Illuminate\\Container\\Container->call()
#30 /home/quanph/Downloads/rocket-lms-1.8/Source/Source/vendor/laravel/framework/src/Illuminate/Foundation/Application.php(910): Illuminate\\Foundation\\Application->bootProvider()
#31 [internal function]: Illuminate\\Foundation\\Application->Illuminate\\Foundation\\{closure}()
#32 /home/quanph/Downloads/rocket-lms-1.8/Source/Source/vendor/laravel/framework/src/Illuminate/Foundation/Application.php(911): array_walk()
#33 /home/quanph/Downloads/rocket-lms-1.8/Source/Source/vendor/laravel/framework/src/Illuminate/Foundation/Bootstrap/BootProviders.php(17): Illuminate\\Foundation\\Application->boot()
#34 /home/quanph/Downloads/rocket-lms-1.8/Source/Source/vendor/laravel/framework/src/Illuminate/Foundation/Application.php(242): Illuminate\\Foundation\\Bootstrap\\BootProviders->bootstrap()
#35 /home/quanph/Downloads/rocket-lms-1.8/Source/Source/vendor/laravel/framework/src/Illuminate/Foundation/Console/Kernel.php(383): Illuminate\\Foundation\\Application->bootstrapWith()
#36 /home/quanph/Downloads/rocket-lms-1.8/Source/Source/vendor/laravel/framework/src/Illuminate/Foundation/Console/Kernel.php(153): Illuminate\\Foundation\\Console\\Kernel->bootstrap()
#37 /home/quanph/Downloads/rocket-lms-1.8/Source/Source/artisan(37): Illuminate\\Foundation\\Console\\Kernel->handle()
#38 {main}
"} 
